<?xml version="1.0" encoding="UTF-8"?>
<testng-results ignored="0" total="2" passed="2" failed="0" skipped="0">
  <reporter-output>
  </reporter-output>
  <suite started-at="2022-05-03T08:56:28 IST" name="Default suite" finished-at="2022-05-03T08:56:29 IST" duration-ms="209">
    <groups>
    </groups>
    <test started-at="2022-05-03T08:56:28 IST" name="Default test" finished-at="2022-05-03T08:56:29 IST" duration-ms="209">
      <class name="CreateContact.CreateOrg">
        <test-method signature="CreateOrg()[pri:0, instance:CreateContact.CreateOrg@7690781]" started-at="2022-05-03T08:56:29 IST" name="CreateOrg" finished-at="2022-05-03T08:56:29 IST" duration-ms="46" status="PASS">
          <reporter-output>
          </reporter-output>
        </test-method> <!-- CreateOrg -->
        <test-method signature="createOrg()[pri:0, instance:CreateContact.CreateOrg@7690781]" started-at="2022-05-03T08:56:29 IST" name="createOrg" finished-at="2022-05-03T08:56:29 IST" duration-ms="7" status="PASS">
          <reporter-output>
          </reporter-output>
        </test-method> <!-- createOrg -->
      </class> <!-- CreateContact.CreateOrg -->
    </test> <!-- Default test -->
  </suite> <!-- Default suite -->
</testng-results>
